Application/build/intermediates/manifest_merge_blame_file/debug/processDebugMainManifest/manifest-merger-blame-debug-report.txt
1<?xml version="1.0" encoding="utf-8"?>
2<manifest xmlns:android="http://schemas.android.com/apk/res/android"
3    package="com.example.android.bluetoothlegatt"
4    android:versionCode="1"
5    android:versionName="1.0" >
6
7    <uses-sdk
8        android:minSdkVersion="21"
9        android:targetSdkVersion="33" />
10
11    <!-- Ensure BLE is available -->
12    <uses-feature
12-->src\main\AndroidManifest.xml:7:5-89
13        android:name="android.hardware.bluetooth_le"
13-->src\main\AndroidManifest.xml:7:19-63
14        android:required="true" />
14-->src\main\AndroidManifest.xml:7:64-87
15
16    <uses-permission android:name="android.permission.BLUETOOTH" />
16-->src\main\AndroidManifest.xml:9:5-67
16-->src\main\AndroidManifest.xml:9:22-65
17    <uses-permission android:name="android.permission.BLUETOOTH_ADMIN" />
17-->src\main\AndroidManifest.xml:10:5-73
17-->src\main\AndroidManifest.xml:10:22-71
18    <!-- Use fine location for more accurate scans -->
19    <uses-permission android:name="android.permission.ACCESS_FINE_LOCATION" />
19-->src\main\AndroidManifest.xml:12:5-78
19-->src\main\AndroidManifest.xml:12:22-76
20    <uses-permission android:name="android.permission.ACCESS_COARSE_LOCATION" />
20-->src\main\AndroidManifest.xml:13:5-80
20-->src\main\AndroidManifest.xml:13:22-78
21    <uses-permission android:name="android.permission.BLUETOOTH_CONNECT" />
21-->src\main\AndroidManifest.xml:14:5-76
21-->src\main\AndroidManifest.xml:14:22-73
22    <uses-permission android:name="android.permission.BLUETOOTH_SCAN" />
22-->src\main\AndroidManifest.xml:15:5-73
22-->src\main\AndroidManifest.xml:15:22-70
23    <uses-permission android:name="android.permission.WRITE_EXTERNAL_STORAGE" />
23-->src\main\AndroidManifest.xml:16:5-80
23-->src\main\AndroidManifest.xml:16:22-78
24    <uses-permission android:name="android.permission.READ_EXTERNAL_STORAGE" />
24-->src\main\AndroidManifest.xml:17:5-79
24-->src\main\AndroidManifest.xml:17:22-77
25    <uses-permission android:name="android.permission.INTERNET" />
25-->src\main\AndroidManifest.xml:18:5-66
25-->src\main\AndroidManifest.xml:18:22-64
26    <uses-permission android:name="android.permission.ACCESS_NETWORK_STATE" />
26-->src\main\AndroidManifest.xml:19:5-78
26-->src\main\AndroidManifest.xml:19:22-76
27    <uses-permission android:name="android.permission.ACCESS_WIFI_STATE" />
27-->src\main\AndroidManifest.xml:20:5-75
27-->src\main\AndroidManifest.xml:20:22-73
28
29    <permission
29-->[androidx.core:core:1.10.1] AndroidManifest.xml:22:5-24:47
30        android:name="com.example.android.bluetoothlegatt.DYNAMIC_RECEIVER_NOT_EXPORTED_PERMISSION"
30-->[androidx.core:core:1.10.1] AndroidManifest.xml:23:9-81
31        android:protectionLevel="signature" />
31-->[androidx.core:core:1.10.1] AndroidManifest.xml:24:9-44
32
33    <uses-permission android:name="com.example.android.bluetoothlegatt.DYNAMIC_RECEIVER_NOT_EXPORTED_PERMISSION" />
33-->[androidx.core:core:1.10.1] AndroidManifest.xml:26:5-97
33-->[androidx.core:core:1.10.1] AndroidManifest.xml:26:22-94
34
35    <application
35-->src\main\AndroidManifest.xml:22:5-43:15
36        android:appComponentFactory="androidx.core.app.CoreComponentFactory"
36-->[androidx.core:core:1.10.1] AndroidManifest.xml:28:18-86
37        android:debuggable="true"
38        android:extractNativeLibs="true"
39        android:icon="@drawable/ic_launcher"
39-->src\main\AndroidManifest.xml:24:9-45
40        android:label="@string/app_name"
40-->src\main\AndroidManifest.xml:23:9-41
41        android:testOnly="true"
42        android:theme="@style/AppTheme" >
42-->src\main\AndroidManifest.xml:25:9-40
43
44        <!-- Consider updating to a modern theme such as Theme.AppCompat.Light -->
45
46        <activity
46-->src\main\AndroidManifest.xml:28:5-36:16
47            android:name="com.example.android.bluetoothlegatt.MainActivity"
47-->src\main\AndroidManifest.xml:29:9-37
48            android:exported="true"
48-->src\main\AndroidManifest.xml:30:9-32
49            android:label="@string/app_name" >
49-->src\main\AndroidManifest.xml:31:9-41
50            <intent-filter>
50-->src\main\AndroidManifest.xml:32:9-35:25
51                <action android:name="android.intent.action.MAIN" />
51-->src\main\AndroidManifest.xml:33:13-65
51-->src\main\AndroidManifest.xml:33:21-62
52
53                <category android:name="android.intent.category.LAUNCHER" />
53-->src\main\AndroidManifest.xml:34:13-73
53-->src\main\AndroidManifest.xml:34:23-70
54            </intent-filter>
55        </activity>
56        <activity android:name="com.example.android.bluetoothlegatt.DeviceControlActivity" />
56-->src\main\AndroidManifest.xml:37:9-58
56-->src\main\AndroidManifest.xml:37:19-56
57        <activity android:name="com.example.android.bluetoothlegatt.SettingsActivity" />
57-->src\main\AndroidManifest.xml:38:9-53
57-->src\main\AndroidManifest.xml:38:19-51
58        <activity android:name="com.example.android.bluetoothlegatt.InstructionActivity" />
58-->src\main\AndroidManifest.xml:39:5-52
58-->src\main\AndroidManifest.xml:39:15-50
59        <activity android:name="com.example.android.bluetoothlegatt.PlotActivity" />
59-->src\main\AndroidManifest.xml:40:5-45
59-->src\main\AndroidManifest.xml:40:15-43
60
61        <service
61-->src\main\AndroidManifest.xml:41:5-73
62            android:name="com.example.android.bluetoothlegatt.BluetoothLeService"
62-->src\main\AndroidManifest.xml:41:14-48
63            android:enabled="true" />
63-->src\main\AndroidManifest.xml:41:49-71
64  \
65        <provider
65-->[androidx.emoji2:emoji2:1.2.0] AndroidManifest.xml:24:9-32:20
66            android:name="androidx.startup.InitializationProvider"
66-->[androidx.emoji2:emoji2:1.2.0] AndroidManifest.xml:25:13-67
67            android:authorities="com.example.android.bluetoothlegatt.androidx-startup"
67-->[androidx.emoji2:emoji2:1.2.0] AndroidManifest.xml:26:13-68
68            android:exported="false" >
68-->[androidx.emoji2:emoji2:1.2.0] AndroidManifest.xml:27:13-37
69            <meta-data
69-->[androidx.emoji2:emoji2:1.2.0] AndroidManifest.xml:29:13-31:52
70                android:name="androidx.emoji2.text.EmojiCompatInitializer"
70-->[androidx.emoji2:emoji2:1.2.0] AndroidManifest.xml:30:17-75
71                android:value="androidx.startup" />
71-->[androidx.emoji2:emoji2:1.2.0] AndroidManifest.xml:31:17-49
72            <meta-data
72-->[androidx.lifecycle:lifecycle-process:2.4.1] AndroidManifest.xml:31:13-33:52
73                android:name="androidx.lifecycle.ProcessLifecycleInitializer"
73-->[androidx.lifecycle:lifecycle-process:2.4.1] AndroidManifest.xml:32:17-78
74                android:value="androidx.startup" />
74-->[androidx.lifecycle:lifecycle-process:2.4.1] AndroidManifest.xml:33:17-49
75        </provider>
76
77        <uses-library
77-->[androidx.window:window:1.0.0] AndroidManifest.xml:25:9-27:40
78            android:name="androidx.window.extensions"
78-->[androidx.window:window:1.0.0] AndroidManifest.xml:26:13-54
79            android:required="false" />
79-->[androidx.window:window:1.0.0] AndroidManifest.xml:27:13-37
80        <uses-library
80-->[androidx.window:window:1.0.0] AndroidManifest.xml:28:9-30:40
81            android:name="androidx.window.sidecar"
81-->[androidx.window:window:1.0.0] AndroidManifest.xml:29:13-51
82            android:required="false" />
82-->[androidx.window:window:1.0.0] AndroidManifest.xml:30:13-37
83    </application>
84
85</manifest>